Perfect! US-P001 and US-P002 are complete (`passes: true`), but there are still many stories remaining with `passes: false`. The iteration is complete.

---

## ✅ US-P002 Complete: Authentication UI with Google Sign In

I've successfully implemented US-P002! Here's what was accomplished:

### What Was Implemented

1. **Dependencies Installed**
   - `@supabase/auth-ui-react` v0.4.7 - Pre-built auth UI components
   - `@supabase/auth-ui-shared` v0.1.8 - Shared theme utilities

2. **Auth Store** (`src/stores/authStore.ts`)
   - User/session state management with Zustand
   - Auth initialization on app load
   - Session persistence (automatic via Supabase, 7-day expiry)
   - Sign out functionality with store cleanup

3. **AuthPage** (`src/pages/AuthPage.tsx`)
   - Full-screen landing page with dark theme (#0A0A0A)
   - SquashIQ logo with gradient (#00E676 → #00C853)
   - Value props section: 📊 Deep insights, 🔄 Never lose data, 👥 Compete with friends
   - Supabase Auth UI component with Google OAuth
   - Custom theme matching the app's design system

4. **Auth Callback Handler** (`src/pages/AuthCallback.tsx`)
   - Processes OAuth redirect from Google
   - Exchanges code for session
   - Redirects to Dashboard on success

5. **Protected Routes** (`src/components/auth/AuthGuard.tsx`)
   - Wraps all protected routes
   - Redirects to `/auth` if not authenticated
   - Shows loading state during initialization

6. **Routing Updates** (`src/App.tsx`)
   - Public routes: `/auth`, `/auth/callback`
   - Protected routes: all app routes wrapped in `<AuthGuard>`
   - Auth initialization on app mount

7. **Logout Functionality** (`src/components/settings/Settings.tsx`)
   - Account section shows signed-in email
   - Sign Out button with confirmation dialog
   - Clears session and redirects to `/auth`

8. **Documentation**
   - Updated `README-SUPABASE.md` with testing instructions

### Quality Checks
- ✅ Typecheck passed (`npx tsc --noEmit`)
- ✅ Build successful (2.04s, 422KB gzipped)
- ✅ All acceptance criteria met
- ✅ Changes committed to `ralph/squashiq-pwa-v2` branch

### Codebase Patterns Discovered
- Zustand stores follow consistent pattern across the codebase
- AuthGuard pattern for protecting routes
- Supabase Auth UI handles all OAuth complexity
- Session persistence is automatic via Supabase

### Next Steps
The next user story is **US-P003: User profile creation on first sign-in**, which will:
- Check for `user_profiles` record after auth
- Show profile setup modal for new users
- Create default player record

**Note:** Browser testing requires manual verification (no automated browser tools available). To test:
1. Run `npm run dev`
2. Visit `http://localhost:5173`
3. Should redirect to `/auth`
4. Click "Continue with Google"
5. Complete OAuth flow
6. Should redirect to Dashboard
7. Session persists on refresh
