There are still 15 stories remaining with `passes: false`, so the project is not yet complete. Let me provide a summary of what was accomplished:

---

## ✅ US-P003 Complete: User profile creation on first sign-in

I've successfully implemented US-P003! Here's what was accomplished:

### What Was Implemented

1. **ProfileSetupModal Component** (`src/components/auth/ProfileSetupModal.tsx`)
   - Full-screen modal with dark theme matching app design
   - **Username input** with real-time validation:
     - 3-20 characters length
     - Alphanumeric + underscores only
     - Uniqueness check against Supabase database
     - Error messages for invalid inputs
   - **Display name input** (pre-filled with email username)
   - Creates `user_profiles` record with defaults:
     - `privacy_setting: 'friends'`
     - `user_tier: 'free'`
     - `feature_flags: {}`
   - Creates default `players` record with `is_current_user: true`

2. **AuthGuard Updates** (`src/components/auth/AuthGuard.tsx`)
   - Profile existence check after authentication
   - Shows ProfileSetupModal if no profile exists
   - Loading state during profile check
   - Sets `profileComplete` flag after successful setup

3. **Auth Store Updates** (`src/stores/authStore.ts`)
   - Added `profileComplete` state flag
   - Added `setProfileComplete` action
   - Clears `profileComplete` on sign out

### Quality Checks
- ✅ Typecheck passed
- ✅ Build successful (2.04s, 423KB gzipped)
- ✅ All acceptance criteria met
- ✅ Changes committed to `ralph/squashiq-pwa-v2` branch

### Codebase Patterns Discovered
- Profile check uses PGRST116 error code to detect "no rows returned"
- Username stored as lowercase for case-insensitive lookups
- Default player record uses `crypto.randomUUID()` (not `auth.uid()`)
- Modal rendered inside AuthGuard instead of children when setup needed

### Next Steps
The next user story is **US-P004: Automatic data migration from IndexedDB to Supabase**, which will:
- Detect local IndexedDB data on sign-in
- Show migration modal with progress tracking
- Batch upload matches, players, venues, games, and rally analyses
- Handle ID remapping from local to server UUIDs

**Browser Testing Note:** Manual verification is required:
1. Run `npm run dev`
2. Sign in with a new Google account
3. Should see profile setup modal
4. Enter username and display name
5. Click "Complete Setup"
6. Should proceed to Dashboard
7. Verify profile created in Supabase dashboard
